"../../../../TechTask/Content/AI_Spider/BTT-Clear_Focus.uasset" 0
"../../../../TechTask/Content/Egg/Egg2.uasset" 1
"../../../../TechTask/Content/Egg/Egg3.uasset" 2
"../../../../TechTask/Content/SpiderMinion/Mesh/SK_SpiderEgg_PhysicsAsset.uasset" 3
"../../../../TechTask/Content/SpiderMinion/Textures/Egg/T_Egg_N.uasset" 4
"../../../../TechTask/Content/SpiderMinion/Textures/Egg/T_Egg_AORM.uasset" 5
"../../../../TechTask/Content/SpiderMinion/Textures/Egg/T_Egg_1_E.uasset" 6
"../../../../TechTask/Content/SpiderMinion/Textures/Egg/T_Egg_1_D.uasset" 7
"../../../../TechTask/Content/SpiderMinion/Materials/Egg/M_SpiderEgg.uasset" 8
"../../../../TechTask/Content/SpiderMinion/Materials/Egg/MI_SpiderEgg_1.uasset" 9
"../../../../TechTask/Content/SpiderMinion/Mesh/SK_SpiderEgg_Skeleton.uasset" 10
"../../../../TechTask/Content/SpiderMinion/Mesh/SK_SpiderEgg.uasset" 11
"../../../../TechTask/Content/SpiderMinion/Textures/Egg/VFX/Slime_Splash.uasset" 12
"../../../Engine/Content/Engine_MI_Shaders/T_Cubemap_01.uasset" 13
"../../../../TechTask/Content/SpiderMinion/Materials/VFX/M_SlimeSplash.uasset" 14
"../../../../TechTask/Content/SpiderMinion/Materials/VFX/MI_SlimeSplash_1.uasset" 15
"../../../../TechTask/Content/SpiderMinion/Particles/P_SlimeSplash_01.uasset" 16
"../../../../TechTask/Content/SpiderMinion/Animations/Anim_Egg_Open.uasset" 17
"../../../../TechTask/Content/SpiderMinion/Materials/VFX/MI_SlimeSplash_3.uasset" 18
"../../../../TechTask/Content/SpiderMinion/Particles/P_SlimeSplash_3.uasset" 19
"../../../Engine/Content/Animation/DefaultAnimCurveCompressionSettings.uasset" 20
"../../../Engine/Content/Animation/DefaultAnimBoneCompressionSettings.uasset" 21
"../../../../TechTask/Content/Egg/Animations/Anim_Egg_Open_3.uasset" 22
"../../../../TechTask/Content/SpiderMinion/Animations/Anim_Egg_Idle.uasset" 23
"../../../../TechTask/Content/SpiderMinion/Materials/VFX/MI_SlimeSplash_2.uasset" 24
"../../../../TechTask/Content/SpiderMinion/Particles/P_SlimeSplash_2.uasset" 25
"../../../../TechTask/Content/Egg/Animations/Anim_Egg_Open_2.uasset" 26
"../../../../TechTask/Content/Egg/MasterEgg.uasset" 27
"../../../../TechTask/Content/Geometry/Meshes/CubeMaterial.uasset" 28
"../../../../TechTask/Content/Geometry/Meshes/1M_Cube_Chamfer.uasset" 29
"../../../../TechTask/Content/Mannequin/Character/Mesh/UE4_Mannequin_Skeleton.uasset" 30
"../../../../TechTask/Content/Mannequin/Animations/ThirdPersonJump_End.uasset" 31
"../../../../TechTask/Content/Mannequin/Character/Mesh/SK_Mannequin_Female_PhysicsAsset.uasset" 32
"../../../../TechTask/Content/Mannequin/Character/Textures/T_UE4Logo_N.uasset" 33
"../../../../TechTask/Content/Mannequin/Character/Textures/T_UE4Logo_Mask.uasset" 34
"../../../../TechTask/Content/Mannequin/Character/Textures/T_Male_N.uasset" 35
"../../../../TechTask/Content/Mannequin/Character/Textures/T_Male_Mask.uasset" 36
"../../../../TechTask/Content/Mannequin/Character/Materials/MaterialLayers/T_ML_Rubber_Blue_01_N.uasset" 37
"../../../../TechTask/Content/Mannequin/Character/Materials/MaterialLayers/T_ML_Rubber_Blue_01_D.uasset" 38
"../../../../TechTask/Content/Mannequin/Character/Materials/MaterialLayers/T_ML_Aluminum01_N.uasset" 39
"../../../../TechTask/Content/Mannequin/Character/Materials/MaterialLayers/T_ML_Aluminum01.uasset" 40
"../../../../TechTask/Content/Mannequin/Character/Materials/MaterialLayers/ML_SoftMetal_UE4.uasset" 41
"../../../../TechTask/Content/Mannequin/Character/Materials/MaterialLayers/ML_Plastic_Shiny_Beige_LOGO.uasset" 42
"../../../../TechTask/Content/Mannequin/Character/Materials/MaterialLayers/ML_Plastic_Shiny_Beige.uasset" 43
"../../../../TechTask/Content/Mannequin/Character/Materials/MaterialLayers/ML_GlossyBlack_Latex_UE4.uasset" 44
"../../../Engine/Content/Functions/MaterialLayerFunctions/MatLayerBlend_Simple.uasset" 45
"../../../Engine/Content/Functions/Engine_MaterialFunctions02/Utility/BlendAngleCorrectedNormals.uasset" 46
"../../../Engine/Content/Functions/MaterialLayerFunctions/MatLayerBlend_NormalBlend.uasset" 47
"../../../../TechTask/Content/Mannequin/Character/Materials/M_Male_Body.uasset" 48
"../../../../TechTask/Content/Mannequin/Character/Materials/M_UE4Man_ChestLogo.uasset" 49
"../../../../TechTask/Content/Mannequin/Character/Textures/T_Female_N.uasset" 50
"../../../../TechTask/Content/Mannequin/Character/Textures/T_Female_Mask.uasset" 51
"../../../../TechTask/Content/Mannequin/Character/Materials/MI_Female_Body.uasset" 52
"../../../../TechTask/Content/Mannequin/Character/Mesh/SK_Mannequin_Female.uasset" 53
"../../../Engine/Content/EngineMaterials/T_Default_Material_Grid_N.uasset" 54
"../../../Engine/Content/EngineMaterials/T_Default_Material_Grid_M.uasset" 55
"../../../Engine/Content/Functions/Engine_MaterialFunctions01/Opacity/CameraDepthFade.uasset" 56
"../../../Engine/Content/EngineMaterials/DefaultMaterial.uasset" 57
"../../../Engine/Content/BasicShapes/Sphere.uasset" 58
"../../../Engine/Content/BasicShapes/BasicShapeMaterial.uasset" 59
"../../../../TechTask/Content/sA_PickupSet/Blueprints/BP_RAY_Spawner.uasset" 60
"../../Plugins/FX/Niagara/Content/Enums/ENiagaraInactiveMode.uasset" 61
"../../Plugins/FX/Niagara/Content/Enums/ENiagaraEmitterScalabilityMode_Limited.uasset" 62
"../../Plugins/FX/Niagara/Content/Enums/ENiagaraEmitterLifeCycleMode.uasset" 63
"../../Plugins/FX/Niagara/Content/Enums/ENiagara_InfiniteLoopDuration.uasset" 64
"../../Plugins/FX/Niagara/Content/Enums/ENiagara_EmitterStateOptions.uasset" 65
"../../Plugins/FX/Niagara/Content/Modules/Update/Lifetime/ParticleState.uasset" 66
"../../Plugins/FX/Niagara/Content/Enums/ENiagaraRandomnessMode.uasset" 67
"../../Plugins/FX/Niagara/Content/Functions/GetRandomInfo.uasset" 68
"../../Plugins/FX/Niagara/Content/Functions/RandomRangeFloat.uasset" 69
"../../Plugins/FX/Niagara/Content/Functions/Localspace/SimulationPosition.uasset" 70
"../../Plugins/FX/Niagara/Content/Modules/Spawn/Initialization/InitializeParticle.uasset" 71
"../../Plugins/FX/Niagara/Content/Functions/DirectionAndLengthSafe.uasset" 72
"../../Plugins/FX/Niagara/Content/Modules/Solvers/SolveForcesAndVelocity.uasset" 73
"../../Plugins/FX/Niagara/Content/Functions/Emitter/EmitterChangeState.uasset" 74
"../../Plugins/FX/Niagara/Content/Enums/ENiagaraExecutionStateManagement.uasset" 75
"../../Plugins/FX/Niagara/Content/Modules/Emitter/EmitterState.uasset" 76
"../../../../TechTask/Content/sA_PickupSet/Fx/NiagaraEmitters/NE_Light.uasset" 77
"../../Plugins/FX/Niagara/Content/Enums/ENiagaraScaleColorMode.uasset" 78
"../../Plugins/FX/Niagara/Content/Modules/Update/Color/ScaleColor.uasset" 79
"../../Plugins/FX/Niagara/Content/Enums/ENiagaraRandomnessEvaluation.uasset" 80
"../../Plugins/FX/Niagara/Content/Functions/V2/CalculateRandomRangeFloat.uasset" 81
"../../Plugins/FX/Niagara/Content/Modules/Emitter/SpawnBurst_Instantaneous.uasset" 82
"../../Plugins/FX/Niagara/Content/DynamicInputs/ValueFromCurve/FloatFromCurve.uasset" 83
"../../Plugins/FX/Niagara/Content/Enums/ENiagaraMeshTransforms.uasset" 84
"../../../Engine/Content/EngineMaterials/WorldGridMaterial.uasset" 85
"../../../../TechTask/Content/sA_PickupSet/Models/SM_Pickup_ss.uasset" 86
"../../Plugins/FX/Niagara/Content/Functions/Rotation/AxisAngleToQuaternion.uasset" 87
"../../Plugins/FX/Niagara/Content/Functions/Rotation/MultiplyQuaternion.uasset" 88
"../../Plugins/FX/Niagara/Content/Modules/Solvers/ApplyRotationVector.uasset" 89
"../../Plugins/FX/Niagara/Content/Enums/ENiagaraCoordinateSpace.uasset" 90
"../../Plugins/FX/Niagara/Content/Functions/Localspace/TransformBase.uasset" 91
"../../Plugins/FX/Niagara/Content/Functions/Localspace/TransformVector.uasset" 92
"../../Plugins/FX/Niagara/Content/Modules/Update/Orientation/V3/UpdateMeshOrientation.uasset" 93
"../../Plugins/FX/Niagara/Content/Modules/Update/Orientation/V2/UpdateMeshOrientation.uasset" 94
"../../../../TechTask/Content/sA_PickupSet/Materials/Textures/T_Ray_5.uasset" 95
"../../../../TechTask/Content/sA_PickupSet/Materials/M_AdditiveScrollNiagara.uasset" 96
"../../../../TechTask/Content/sA_PickupSet/Materials/MI_Scroll_1.uasset" 97
"../../../../TechTask/Content/sA_PickupSet/Fx/NiagaraEmitters/NE_PickupCricle.uasset" 98
"../../Plugins/FX/Niagara/Content/Enums/ENiagaraExpansionMode.uasset" 99
"../../Plugins/FX/Niagara/Content/Modules/Update/Forces/GravityForce.uasset" 100
"../../Plugins/FX/Niagara/Content/Functions/RandomPointInSphere.uasset" 101
"../../Plugins/FX/Niagara/Content/Enums/ENiagaraTorusDistributionMode.uasset" 102
"../../Plugins/FX/Niagara/Content/Modules/Spawn/Location/SphereLocation.uasset" 103
"../../Plugins/FX/Niagara/Content/Functions/NormalizeDistanceRange.uasset" 104
"../../Plugins/FX/Niagara/Content/Modules/Update/Velocity/VortexVelocity.uasset" 105
"../../Plugins/FX/Niagara/Content/Modules/Update/Forces/VortexForce.uasset" 106
"../../Plugins/FX/Niagara/Content/Functions/System/SystemChangeState.uasset" 107
"../../Plugins/FX/Niagara/Content/Enums/ENiagaraSystemInactiveMode.uasset" 108
"../../Plugins/FX/Niagara/Content/Modules/System/SystemState.uasset" 109
"../../Plugins/FX/Niagara/Content/DynamicInputs/UniformRange/UniformRangedVector.uasset" 110
"../../../../TechTask/Content/sA_PickupSet/Models/SM_Coin_1.uasset" 111
"../../Plugins/FX/Niagara/Content/Modules/Update/Size/ScaleMeshSize.uasset" 112
"../../Plugins/FX/Niagara/Content/Functions/Math/RemapValueRange.uasset" 113
"../../Plugins/FX/Niagara/Content/Functions/PolarToCartesianCoordinates.uasset" 114
"../../Plugins/FX/Niagara/Content/Functions/RandomVectorInCone.uasset" 115
"../../Plugins/FX/Niagara/Content/Functions/Rotation/MultiplyVectorWithQuaternion.uasset" 116
"../../Plugins/FX/Niagara/Content/Functions/Rotation/FindQuatBetween.uasset" 117
"../../Plugins/FX/Niagara/Content/Modules/Spawn/Velocity/AddVelocityInCone.uasset" 118
"../../Plugins/FX/Niagara/Content/DynamicInputs/UniformRange/UniformRangedFloat.uasset" 119
"../../Plugins/FX/Niagara/Content/DynamicInputs/TypeConversions/VectorFromFloat.uasset" 120
"../../../../TechTask/Content/sA_PickupSet/Materials/M_Master_MetalFX.uasset" 121
"../../../../TechTask/Content/sA_PickupSet/Materials/MI_Coin_1.uasset" 122
"../../../../TechTask/Content/sA_PickupSet/Fx/NiagaraEmitters/NE_CoinBurst.uasset" 123
"../../../../TechTask/Content/sA_PickupSet/Fx/NiagaraSystems/NS_CoinBurst2.uasset" 124
"../../Plugins/FX/Niagara/Content/Modules/Emitter/SpawnRate.uasset" 125
"../../Plugins/FX/Niagara/Content/Functions/RandomUnitVector.uasset" 126
"../../Plugins/FX/Niagara/Content/Functions/RandomVector.uasset" 127
"../../Plugins/FX/Niagara/Content/Enums/ENiagaraOrientationAxis.uasset" 128
"../../Plugins/FX/Niagara/Content/Modules/Spawn/Location/CylinderLocation.uasset" 129
"../../../../TechTask/Content/sA_PickupSet/Fx/NiagaraSystems/NS_Coin_Shower.uasset" 130
"../../Plugins/FX/Niagara/Content/Modules/Update/Material/DynamicMaterialParameters.uasset" 131
"../../Plugins/FX/Niagara/Content/Modules/Update/Forces/Drag.uasset" 132
"../../../../TechTask/Content/sA_PickupSet/Materials/Textures/T_Noise_DistortedCaustic.uasset" 133
"../../../Engine/Content/Functions/Engine_MaterialFunctions01/ImageAdjustment/DeriveHDRfromLDR.uasset" 134
"../../../Engine/Content/Functions/Engine_MaterialFunctions01/Density/ExponentialDensity.uasset" 135
"../../../Engine/Content/Functions/Engine_MaterialFunctions01/Gradient/RadialGradientExponential.uasset" 136
"../../../../TechTask/Content/sA_PickupSet/Materials/M_sA_Aura.uasset" 137
"../../../../TechTask/Content/sA_PickupSet/Materials/MI_Aura_1.uasset" 138
"../../../../TechTask/Content/sA_PickupSet/Fx/NiagaraEmitters/Ne_Aura.uasset" 139
"../../Plugins/FX/Niagara/Content/Modules/Spawn/Location/SystemLocation.uasset" 140
"../../Plugins/FX/Niagara/Content/DynamicInputs/Multiply/Multiply_Float.uasset" 141
"../../Plugins/FX/Niagara/Content/DynamicInputs/LinearColor/MultiplyLinearColor.uasset" 142
"../../../../TechTask/Content/sA_PickupSet/Models/SM_Energy_1.uasset" 143
"../../../../TechTask/Content/sA_PickupSet/Materials/M_Master_Fresnel.uasset" 144
"../../../../TechTask/Content/sA_PickupSet/Materials/MI_Fresnel.uasset" 145
"../../Plugins/FX/Niagara/Content/DynamicInputs/TypeConversions/Vector2DFromFloat.uasset" 146
"../../../../TechTask/Content/sA_PickupSet/Fx/NiagaraSystems/NS_Energy_1.uasset" 147
"../../../../TechTask/Content/sA_PickupSet/Fx/NiagaraSystems/NS_Energy_2.uasset" 148
"../../../../TechTask/Content/sA_PickupSet/Models/SM_Pickup_Health.uasset" 149
"../../../../TechTask/Content/sA_PickupSet/Fx/NiagaraSystems/NS_Healing_1.uasset" 150
"../../Plugins/FX/Niagara/Content/Functions/DistanceBasedFalloff.uasset" 151
"../../Plugins/FX/Niagara/Content/Modules/Spawn/Velocity/AddVelocityFromPoint.uasset" 152
"../../../../TechTask/Content/sA_PickupSet/Fx/NiagaraSystems/NS_Healing_3.uasset" 153
"../../../../TechTask/Content/sA_PickupSet/Models/SM_Pickup_Gem.uasset" 154
"../../../../TechTask/Content/sA_PickupSet/Fx/NiagaraSystems/NS_Healing_4.uasset" 155
"../../Plugins/FX/Niagara/Content/Modules/Spawn/Velocity/AddVelocity.uasset" 156
"../../../../TechTask/Content/sA_PickupSet/Models/SM_Pickup_Magic.uasset" 157
"../../../../TechTask/Content/sA_PickupSet/Fx/NiagaraSystems/NS_Magic_1.uasset" 158
"../../../../TechTask/Content/sA_PickupSet/Fx/NiagaraSystems/NS_Magic_2.uasset" 159
"../../../../TechTask/Content/sA_PickupSet/Fx/NiagaraSystems/NS_Pickup_2.uasset" 160
"../../../../TechTask/Content/sA_PickupSet/Fx/NiagaraSystems/NS_Pickup_3.uasset" 161
"../../../../TechTask/Content/sA_PickupSet/Models/SM_Pickup_Defence.uasset" 162
"../../../../TechTask/Content/sA_PickupSet/Fx/NiagaraSystems/NS_Pickup_4.uasset" 163
"../../../../TechTask/Content/sA_PickupSet/Fx/NiagaraSystems/NS_Pickup_5.uasset" 164
"../../../../TechTask/Content/sA_PickupSet/Models/SM_Plane.uasset" 165
"../../../../TechTask/Content/sA_PickupSet/Materials/Textures/T_Shield_1.uasset" 166
"../../../../TechTask/Content/sA_PickupSet/Materials/MI_Shield_1.uasset" 167
"../../../../TechTask/Content/sA_PickupSet/Fx/NiagaraSystems/NS_Shield.uasset" 168
"../../../../TechTask/Content/sA_PickupSet/Models/SM_Pickup_Defence_2.uasset" 169
"../../../../TechTask/Content/sA_PickupSet/Fx/NiagaraSystems/NS_Shield_2.uasset" 170
"../../../../TechTask/Content/sA_PickupSet/Models/SM_Pickup_Defence_3.uasset" 171
"../../Plugins/FX/Niagara/Content/Modules/Spawn/MeshInterface/SampleStaticMesh.uasset" 172
"../../Plugins/FX/Niagara/Content/Functions/Localspace/TransformPosition.uasset" 173
"../../Plugins/FX/Niagara/Content/Modules/Spawn/Location/StaticMeshLocation.uasset" 174
"../../Plugins/FX/Niagara/Content/Modules/Spawn/Velocity/StaticMeshVelocity.uasset" 175
"../../../../TechTask/Content/sA_PickupSet/Materials/M_Master_RadialBeam.uasset" 176
"../../Plugins/FX/Niagara/Content/DefaultAssets/DefaultSpriteMaterial.uasset" 177
"../../../../TechTask/Content/sA_PickupSet/Fx/NiagaraEmitters/NE_SimpleSprite.uasset" 178
"../../Plugins/FX/Niagara/Content/Enums/ENiagaraMassByVolume.uasset" 179
"../../Plugins/FX/Niagara/Content/Modules/Update/Size/ScaleSpriteSize.uasset" 180
"../../Plugins/FX/Niagara/Content/Modules/Update/Mass/CalculateSizeAndRotationalInertiaByMass.uasset" 181
"../../Plugins/FX/Niagara/Content/DynamicInputs/Helpers/SimulationPosition.uasset" 182
"../../Plugins/FX/Niagara/Content/DynamicInputs/Angles/NormalizedAngleToDegrees.uasset" 183
"../../../../TechTask/Content/sA_PickupSet/Fx/NiagaraEmitters/NE_SimpleBurst.uasset" 184
"../../../../TechTask/Content/sA_PickupSet/Fx/NiagaraSystems/NS_Shield_3.uasset" 185
"../../../../TechTask/Content/sA_PickupSet/Materials/M_Ground.uasset" 186
"../../../../TechTask/Content/sA_PickupSet/Materials/MI_Ground_Showscene.uasset" 187
"../../../../TechTask/Content/SpiderMinion/Mesh/SK_Spider_minion_Skeleton.uasset" 188
"../../../../TechTask/Content/SpiderMinion/Animations/Anim_Attack.uasset" 189
"../../../../TechTask/Content/SpiderMinion/Animations/Anim_Enter.uasset" 190
"../../../../TechTask/Content/SpiderMinion/Animations/Anim_Explosion_Death.uasset" 191
"../../../../TechTask/Content/SpiderMinion/Animations/Anim_Fall.uasset" 192
"../../../../TechTask/Content/SpiderMinion/Animations/Anim_Hit.uasset" 193
"../../../../TechTask/Content/SpiderMinion/Animations/Anim_Idle_2.uasset" 194
"../../../../TechTask/Content/SpiderMinion/Animations/Anim_Landing.uasset" 195
"../../../../TechTask/Content/SpiderMinion/Animations/Anim_Uprise.uasset" 196
"../../../../TechTask/Content/SpiderMinion/Materials/M_Ground.uasset" 197
"../../../../TechTask/Content/SpiderMinion/Textures/Egg/T_EmptyEgg_2_D.uasset" 198
"../../../../TechTask/Content/SpiderMinion/Textures/Egg/T_EmptyEgg_N.uasset" 199
"../../../../TechTask/Content/SpiderMinion/Textures/Egg/T_EmptyEgg_AORM.uasset" 200
"../../../../TechTask/Content/SpiderMinion/Textures/Egg/T_EmptyEgg_1_D.uasset" 201
"../../../../TechTask/Content/SpiderMinion/Materials/Egg/M_EmptySpiderEgg.uasset" 202
"../../../../TechTask/Content/SpiderMinion/Materials/Egg/MI_EmptySpiderEgg_2.uasset" 203
"../../../../TechTask/Content/SpiderMinion/Textures/Egg/T_EmptyEgg_3_D.uasset" 204
"../../../../TechTask/Content/SpiderMinion/Materials/Egg/MI_EmptySpiderEgg_3.uasset" 205
"../../../../TechTask/Content/SpiderMinion/Textures/Egg/T_Egg_2_E.uasset" 206
"../../../../TechTask/Content/SpiderMinion/Textures/Egg/T_Egg_2_D.uasset" 207
"../../../../TechTask/Content/SpiderMinion/Materials/Egg/MI_SpiderEgg_2.uasset" 208
"../../../../TechTask/Content/SpiderMinion/Textures/Egg/T_Egg_3_E.uasset" 209
"../../../../TechTask/Content/SpiderMinion/Textures/Egg/T_Egg_3_D.uasset" 210
"../../../../TechTask/Content/SpiderMinion/Materials/Egg/MI_SpiderEgg_3.uasset" 211
"../../../../TechTask/Content/SpiderMinion/Mesh/SM_SpiderEgg.uasset" 212
"../../../../TechTask/Content/SpiderMinion/Textures/Egg/VFX/Slime_Splash_N.uasset" 213
"../../../../TechTask/Content/StarterContent/Materials/M_Basic_Floor.uasset" 214
"../../../../TechTask/Content/StarterContent/Architecture/Floor_400x400.uasset" 215
"../../../../TechTask/Content/StarterContent/Materials/M_Basic_Wall.uasset" 216
"../../../../TechTask/Content/StarterContent/Architecture/Pillar_50x500.uasset" 217
"../../../../TechTask/Content/StarterContent/Materials/M_AssetPlatform.uasset" 218
"../../../../TechTask/Content/StarterContent/Architecture/SM_AssetPlatform.uasset" 219
"../../../../TechTask/Content/StarterContent/Architecture/Wall_400x200.uasset" 220
"../../../../TechTask/Content/StarterContent/Architecture/Wall_400x300.uasset" 221
"../../../../TechTask/Content/StarterContent/Architecture/Wall_400x400.uasset" 222
"../../../../TechTask/Content/StarterContent/Architecture/Wall_500x500.uasset" 223
"../../../../TechTask/Content/StarterContent/Architecture/Wall_Door_400x300.uasset" 224
"../../../../TechTask/Content/StarterContent/Architecture/Wall_Door_400x400.uasset" 225
"../../../../TechTask/Content/StarterContent/Architecture/Wall_Window_400x300.uasset" 226
"../../../../TechTask/Content/StarterContent/Architecture/Wall_Window_400x400.uasset" 227
"../../../../TechTask/Content/StarterContent/Audio/Collapse01.uasset" 228
"../../../../TechTask/Content/StarterContent/Audio/Collapse02.uasset" 229
"../../../../TechTask/Content/StarterContent/Audio/Collapse_Cue.uasset" 230
"../../../../TechTask/Content/StarterContent/Audio/Explosion01.uasset" 231
"../../../../TechTask/Content/StarterContent/Audio/Explosion02.uasset" 232
"../../../../TechTask/Content/StarterContent/Audio/Fire01.uasset" 233
"../../../../TechTask/Content/StarterContent/Audio/Fire_Sparks01.uasset" 234
"../../../../TechTask/Content/StarterContent/Audio/Light01.uasset" 235
"../../../../TechTask/Content/StarterContent/Audio/Light01_Cue.uasset" 236
"../../../../TechTask/Content/StarterContent/Audio/Light02.uasset" 237
"../../../../TechTask/Content/StarterContent/Audio/Light02_Cue.uasset" 238
"../../../../TechTask/Content/StarterContent/Audio/Smoke01.uasset" 239
"../../../../TechTask/Content/StarterContent/Audio/Starter_Background_Cue.uasset" 240
"../../../../TechTask/Content/StarterContent/Audio/Starter_Birds01.uasset" 241
"../../../../TechTask/Content/StarterContent/Audio/Starter_Music01.uasset" 242
"../../../../TechTask/Content/StarterContent/Audio/Starter_Music_Cue.uasset" 243
"../../../../TechTask/Content/StarterContent/Audio/Starter_Wind05.uasset" 244
"../../../../TechTask/Content/StarterContent/Audio/Starter_Wind06.uasset" 245
"../../../../TechTask/Content/StarterContent/Audio/Steam01.uasset" 246
"../../../../TechTask/Content/StarterContent/Textures/T_Lamp_N.uasset" 247
"../../../../TechTask/Content/StarterContent/Textures/T_Lamp_M.uasset" 248
"../../../../TechTask/Content/StarterContent/Props/Materials/M_Lamp.uasset" 249
"../../../../TechTask/Content/StarterContent/Props/SM_Lamp_Ceiling.uasset" 250
"../../../../TechTask/Content/StarterContent/Blueprints/Blueprint_CeilingLight.uasset" 251
"../../../../TechTask/Content/StarterContent/Textures/T_Smoke_Tiled_D.uasset" 252
"../../../../TechTask/Content/StarterContent/Textures/T_Smoke_SubUV.uasset" 253
"../../../../TechTask/Content/StarterContent/Particles/Materials/M_smoke_subUV.uasset" 254
"../../../Engine/Content/Functions/Engine_MaterialFunctions01/Gradient/RadialGradient.uasset" 255
"../../../../TechTask/Content/StarterContent/Particles/Materials/M_radial_ramp.uasset" 256
"../../../../TechTask/Content/StarterContent/Particles/Materials/m_flare_01.uasset" 257
"../../../../TechTask/Content/StarterContent/Textures/T_Explosion_SubUV.uasset" 258
"../../../../TechTask/Content/StarterContent/Particles/Materials/M_explosion_subUV.uasset" 259
"../../../../TechTask/Content/StarterContent/Textures/T_Burst_M.uasset" 260
"../../../../TechTask/Content/StarterContent/Particles/Materials/M_Burst.uasset" 261
"../../../../TechTask/Content/StarterContent/Particles/P_Explosion.uasset" 262
"../../../../TechTask/Content/StarterContent/Audio/Explosion_Cue.uasset" 263
"../../../../TechTask/Content/StarterContent/Blueprints/Blueprint_Effect_Explosion.uasset" 264
"../../../../TechTask/Content/StarterContent/Particles/Materials/M_Radial_Gradient.uasset" 265
"../../../../TechTask/Content/StarterContent/Textures/T_Water_N.uasset" 266
"../../../../TechTask/Content/StarterContent/Particles/Materials/M_Heat_Distortion.uasset" 267
"../../../../TechTask/Content/StarterContent/Textures/T_Fire_Tiled_D.uasset" 268
"../../../../TechTask/Content/StarterContent/Textures/T_Fire_SubUV.uasset" 269
"../../../../TechTask/Content/StarterContent/Particles/Materials/M_Fire_SubUV.uasset" 270
"../../../../TechTask/Content/StarterContent/Particles/P_Fire.uasset" 271
"../../../../TechTask/Content/StarterContent/Audio/Fire01_Cue.uasset" 272
"../../../../TechTask/Content/StarterContent/Blueprints/Blueprint_Effect_Fire.uasset" 273
"../../../../TechTask/Content/StarterContent/Particles/P_Smoke.uasset" 274
"../../../../TechTask/Content/StarterContent/Audio/Smoke01_Cue.uasset" 275
"../../../../TechTask/Content/StarterContent/Blueprints/Blueprint_Effect_Smoke.uasset" 276
"../../../../TechTask/Content/StarterContent/Textures/T_Spark_Core.uasset" 277
"../../../../TechTask/Content/StarterContent/Particles/Materials/M_Spark.uasset" 278
"../../../../TechTask/Content/StarterContent/Particles/P_Sparks.uasset" 279
"../../../../TechTask/Content/StarterContent/Audio/Fire_Sparks01_Cue.uasset" 280
"../../../../TechTask/Content/StarterContent/Blueprints/Blueprint_Effect_Sparks.uasset" 281
"../../../../TechTask/Content/StarterContent/Particles/P_Steam_Lit.uasset" 282
"../../../../TechTask/Content/StarterContent/Audio/Steam01_Cue.uasset" 283
"../../../../TechTask/Content/StarterContent/Blueprints/Blueprint_Effect_Steam.uasset" 284
"../../../../TechTask/Content/StarterContent/Props/SM_Lamp_Wall.uasset" 285
"../../../../TechTask/Content/StarterContent/Blueprints/Blueprint_WallSconce.uasset" 286
"../../../../TechTask/Content/StarterContent/HDRI/HDRI_Epic_Courtyard_Daylight.uasset" 287
"../../../../TechTask/Content/StarterContent/Blueprints/Assets/SM_Arrows.uasset" 288
"../../../Engine/Content/EditorMaterials/Thumbnails/SkySphereMaterial.uasset" 289
"../../../../TechTask/Content/StarterContent/Blueprints/Assets/Skybox.uasset" 290
"../../../Engine/Content/MapTemplates/Sky/DaylightAmbientCubemap.uasset" 291
"../../../../TechTask/Content/StarterContent/Blueprints/Assets/M_LightStage_Skybox_Master.uasset" 292
"../../../../TechTask/Content/StarterContent/Blueprints/Assets/M_LightStage_Skybox_HDRI.uasset" 293
"../../../../TechTask/Content/StarterContent/Blueprints/Assets/M_LightStage_Skybox_Black.uasset" 294
"../../../../TechTask/Content/StarterContent/Blueprints/Assets/M_LightStage_Arrows.uasset" 295
"../../../../TechTask/Content/StarterContent/Blueprints/Assets/SunlightColorLUT.uasset" 296
"../../../../TechTask/Content/StarterContent/Blueprints/Assets/FogBrightnessLUT.uasset" 297
"../../../../TechTask/Content/StarterContent/Blueprints/BP_LightStudio.uasset" 298
"../../../../TechTask/Content/StarterContent/Textures/T_MacroVariation.uasset" 299
"../../../../TechTask/Content/StarterContent/Textures/T_Brick_Clay_Beveled_N.uasset" 300
"../../../../TechTask/Content/StarterContent/Textures/T_Brick_Clay_Beveled_M.uasset" 301
"../../../../TechTask/Content/StarterContent/Textures/T_Brick_Clay_Beveled_D.uasset" 302
"../../../../TechTask/Content/StarterContent/Materials/M_Brick_Clay_Beveled.uasset" 303
"../../../../TechTask/Content/StarterContent/Textures/T_Detail_Rocky_N.uasset" 304
"../../../../TechTask/Content/StarterContent/Textures/T_Brick_Clay_New_N.uasset" 305
"../../../../TechTask/Content/StarterContent/Textures/T_Brick_Clay_New_M.uasset" 306
"../../../../TechTask/Content/StarterContent/Textures/T_Brick_Clay_New_D.uasset" 307
"../../../../TechTask/Content/StarterContent/Materials/M_Brick_Clay_New.uasset" 308
"../../../../TechTask/Content/StarterContent/Textures/T_Perlin_Noise_M.uasset" 309
"../../../../TechTask/Content/StarterContent/Textures/T_Brick_Clay_Old_N.uasset" 310
"../../../../TechTask/Content/StarterContent/Textures/T_Brick_Clay_Old_D.uasset" 311
"../../../../TechTask/Content/StarterContent/Materials/M_Brick_Clay_Old.uasset" 312
"../../../../TechTask/Content/StarterContent/Textures/T_Brick_Cut_Stone_N.uasset" 313
"../../../../TechTask/Content/StarterContent/Textures/T_Brick_Cut_Stone_D.uasset" 314
"../../../../TechTask/Content/StarterContent/Materials/M_Brick_Cut_Stone.uasset" 315
"../../../../TechTask/Content/StarterContent/Textures/T_Brick_Hewn_Stone_N.uasset" 316
"../../../../TechTask/Content/StarterContent/Textures/T_Brick_Hewn_Stone_M.uasset" 317
"../../../../TechTask/Content/StarterContent/Textures/T_Brick_Hewn_Stone_D.uasset" 318
"../../../../TechTask/Content/StarterContent/Materials/M_Brick_Hewn_Stone.uasset" 319
"../../../../TechTask/Content/StarterContent/Textures/T_Rock_Marble_Polished_D.uasset" 320
"../../../../TechTask/Content/StarterContent/Textures/T_Ceramic_Tile_N.uasset" 321
"../../../../TechTask/Content/StarterContent/Textures/T_Ceramic_Tile_M.uasset" 322
"../../../../TechTask/Content/StarterContent/Materials/M_Ceramic_Tile_Checker.uasset" 323
"../../../../TechTask/Content/StarterContent/Textures/T_CobbleStone_Pebble_N.uasset" 324
"../../../../TechTask/Content/StarterContent/Textures/T_CobbleStone_Pebble_M.uasset" 325
"../../../../TechTask/Content/StarterContent/Textures/T_CobbleStone_Pebble_D.uasset" 326
"../../../../TechTask/Content/StarterContent/Materials/M_CobbleStone_Pebble.uasset" 327
"../../../../TechTask/Content/StarterContent/Textures/T_Rock_Smooth_Granite_D.uasset" 328
"../../../../TechTask/Content/StarterContent/Textures/T_Gradinet_01.uasset" 329
"../../../../TechTask/Content/StarterContent/Textures/T_CobbleStone_Rough_N.uasset" 330
"../../../../TechTask/Content/StarterContent/Textures/T_CobbleStone_Rough_D.uasset" 331
"../../../../TechTask/Content/StarterContent/Materials/M_CobbleStone_Rough.uasset" 332
"../../../../TechTask/Content/StarterContent/Textures/T_CobbleStone_Smooth_N.uasset" 333
"../../../../TechTask/Content/StarterContent/Textures/T_CobbleStone_Smooth_M.uasset" 334
"../../../../TechTask/Content/StarterContent/Textures/T_CobbleStone_Smooth_D.uasset" 335
"../../../../TechTask/Content/StarterContent/Materials/M_CobbleStone_Smooth.uasset" 336
"../../../Engine/Content/EditorMeshes/ColorCalibrator/T_ColorGrid.uasset" 337
"../../../../TechTask/Content/StarterContent/Materials/M_ColorGrid_LowSpec.uasset" 338
"../../../../TechTask/Content/StarterContent/Textures/T_Metal_Rust_N.uasset" 339
"../../../../TechTask/Content/StarterContent/Textures/T_Concrete_Grime_D.uasset" 340
"../../../../TechTask/Content/StarterContent/Materials/M_Concrete_Grime.uasset" 341
"../../../../TechTask/Content/StarterContent/Textures/T_Concrete_Panels_N.uasset" 342
"../../../../TechTask/Content/StarterContent/Textures/T_Concrete_Panels_D.uasset" 343
"../../../../TechTask/Content/StarterContent/Materials/M_Concrete_Panels.uasset" 344
"../../../../TechTask/Content/StarterContent/Textures/T_Concrete_Poured_N.uasset" 345
"../../../../TechTask/Content/StarterContent/Textures/T_Concrete_Poured_D.uasset" 346
"../../../../TechTask/Content/StarterContent/Materials/M_Concrete_Poured.uasset" 347
"../../../../TechTask/Content/StarterContent/Textures/T_Concrete_Tiles_Variation_M.uasset" 348
"../../../../TechTask/Content/StarterContent/Textures/T_Concrete_Tiles_N.uasset" 349
"../../../../TechTask/Content/StarterContent/Textures/T_Concrete_Tiles_M.uasset" 350
"../../../../TechTask/Content/StarterContent/Textures/T_Concrete_Tiles_D.uasset" 351
"../../../../TechTask/Content/StarterContent/Materials/M_Concrete_Tiles.uasset" 352
"../../../../TechTask/Content/StarterContent/Textures/T_Ground_Grass_N.uasset" 353
"../../../../TechTask/Content/StarterContent/Textures/T_Ground_Grass_D.uasset" 354
"../../../../TechTask/Content/StarterContent/Materials/M_Ground_Grass.uasset" 355
"../../../../TechTask/Content/StarterContent/Textures/T_Ground_Gravel_N.uasset" 356
"../../../../TechTask/Content/StarterContent/Textures/T_Ground_Gravel_D.uasset" 357
"../../../../TechTask/Content/StarterContent/Materials/M_Ground_Gravel.uasset" 358
"../../../../TechTask/Content/StarterContent/Textures/T_Ground_Moss_N.uasset" 359
"../../../../TechTask/Content/StarterContent/Textures/T_ground_Moss_D.uasset" 360
"../../../../TechTask/Content/StarterContent/Materials/M_Ground_Moss.uasset" 361
"../../../../TechTask/Content/StarterContent/Materials/M_Metal_Brushed_Nickel.uasset" 362
"../../../../TechTask/Content/StarterContent/Textures/T_Metal_Gold_N.uasset" 363
"../../../../TechTask/Content/StarterContent/Textures/T_Metal_Aluminum_D.uasset" 364
"../../../../TechTask/Content/StarterContent/Materials/M_Metal_Burnished_Steel.uasset" 365
"../../../../TechTask/Content/StarterContent/Materials/M_Metal_Chrome.uasset" 366
"../../../../TechTask/Content/StarterContent/Textures/T_Metal_Copper_D.uasset" 367
"../../../../TechTask/Content/StarterContent/Materials/M_Metal_Copper.uasset" 368
"../../../../TechTask/Content/StarterContent/Textures/T_Metal_Gold_D.uasset" 369
"../../../../TechTask/Content/StarterContent/Materials/M_Metal_Gold.uasset" 370
"../../../../TechTask/Content/StarterContent/Textures/T_Metal_Rust_D.uasset" 371
"../../../../TechTask/Content/StarterContent/Materials/M_Metal_Rust.uasset" 372
"../../../../TechTask/Content/StarterContent/Textures/T_Metal_Steel_N.uasset" 373
"../../../../TechTask/Content/StarterContent/Textures/T_Metal_Steel_D.uasset" 374
"../../../../TechTask/Content/StarterContent/Materials/M_Metal_Steel.uasset" 375
"../../../../TechTask/Content/StarterContent/Textures/T_Rock_Basalt_N.uasset" 376
"../../../../TechTask/Content/StarterContent/Textures/T_Rock_Basalt_D.uasset" 377
"../../../../TechTask/Content/StarterContent/Materials/M_Rock_Basalt.uasset" 378
"../../../../TechTask/Content/StarterContent/Materials/M_Rock_Marble_Polished.uasset" 379
"../../../../TechTask/Content/StarterContent/Textures/T_Rock_Sandstone_N.uasset" 380
"../../../../TechTask/Content/StarterContent/Textures/T_Rock_Sandstone_D.uasset" 381
"../../../../TechTask/Content/StarterContent/Materials/M_Rock_Sandstone.uasset" 382
"../../../../TechTask/Content/StarterContent/Textures/T_Rock_Slate_N.uasset" 383
"../../../../TechTask/Content/StarterContent/Textures/T_Rock_Slate_D.uasset" 384
"../../../../TechTask/Content/StarterContent/Materials/M_Rock_Slate.uasset" 385
"../../../../TechTask/Content/StarterContent/Textures/T_Tech_Dot_N.uasset" 386
"../../../../TechTask/Content/StarterContent/Textures/T_Tech_Dot_M.uasset" 387
"../../../../TechTask/Content/StarterContent/Textures/T_Single_Tile_N.uasset" 388
"../../../../TechTask/Content/StarterContent/Textures/T_Checker_Noise_M.uasset" 389
"../../../../TechTask/Content/StarterContent/Materials/M_Tech_Checker_Dot.uasset" 390
"../../../../TechTask/Content/StarterContent/Textures/T_Tech_Hex_Tile_N.uasset" 391
"../../../../TechTask/Content/StarterContent/Textures/T_Tech_Hex_Tile_M.uasset" 392
"../../../../TechTask/Content/StarterContent/Materials/M_Tech_Hex_Tile.uasset" 393
"../../../../TechTask/Content/StarterContent/Materials/M_Tech_Hex_Tile_Pulse.uasset" 394
"../../../../TechTask/Content/StarterContent/Textures/T_Tech_Panel_N.uasset" 395
"../../../../TechTask/Content/StarterContent/Textures/T_Tech_Panel_M.uasset" 396
"../../../../TechTask/Content/StarterContent/Materials/M_Tech_Panel.uasset" 397
"../../../../TechTask/Content/StarterContent/Materials/M_Water_Lake.uasset" 398
"../../../../TechTask/Content/StarterContent/Textures/T_Water_M.uasset" 399
"../../../../TechTask/Content/StarterContent/Materials/M_Water_Ocean.uasset" 400
"../../../../TechTask/Content/StarterContent/Textures/T_Wood_Floor_Walnut_N.uasset" 401
"../../../../TechTask/Content/StarterContent/Textures/T_Wood_Floor_Walnut_M.uasset" 402
"../../../../TechTask/Content/StarterContent/Textures/T_Wood_Floor_Walnut_D.uasset" 403
"../../../../TechTask/Content/StarterContent/Materials/M_Wood_Floor_Walnut_Polished.uasset" 404
"../../../Engine/Content/Functions/Engine_MaterialFunctions01/Opacity/AlphaOffset.uasset" 405
"../../../../TechTask/Content/StarterContent/Materials/M_Wood_Floor_Walnut_Worn.uasset" 406
"../../../../TechTask/Content/StarterContent/Textures/T_Wood_Oak_N.uasset" 407
"../../../../TechTask/Content/StarterContent/Textures/T_Wood_Oak_D.uasset" 408
"../../../../TechTask/Content/StarterContent/Materials/M_Wood_Oak.uasset" 409
"../../../../TechTask/Content/StarterContent/Textures/T_Wood_Pine_N.uasset" 410
"../../../../TechTask/Content/StarterContent/Textures/T_Wood_Pine_D.uasset" 411
"../../../../TechTask/Content/StarterContent/Materials/M_Wood_Pine.uasset" 412
"../../../../TechTask/Content/StarterContent/Textures/T_Wood_Walnut_N.uasset" 413
"../../../../TechTask/Content/StarterContent/Textures/T_Wood_Walnut_D.uasset" 414
"../../../../TechTask/Content/StarterContent/Materials/M_Wood_Walnut.uasset" 415
"../../../../TechTask/Content/StarterContent/Textures/T_Dust_Particle_D.uasset" 416
"../../../../TechTask/Content/StarterContent/Particles/Materials/M_Dust_Particle.uasset" 417
"../../../../TechTask/Content/StarterContent/Particles/P_Ambient_Dust.uasset" 418
"../../../../TechTask/Content/StarterContent/Props/MaterialSphere.uasset" 419
"../../../../TechTask/Content/StarterContent/Textures/T_Bush_N.uasset" 420
"../../../../TechTask/Content/StarterContent/Textures/T_Bush_D.uasset" 421
"../../../../TechTask/Content/StarterContent/Props/Materials/M_Bush.uasset" 422
"../../../../TechTask/Content/StarterContent/Props/SM_Bush.uasset" 423
"../../../../TechTask/Content/StarterContent/Textures/T_Chair_N.uasset" 424
"../../../../TechTask/Content/StarterContent/Textures/T_Chair_M.uasset" 425
"../../../../TechTask/Content/StarterContent/Props/Materials/M_Chair.uasset" 426
"../../../../TechTask/Content/StarterContent/Props/SM_Chair.uasset" 427
"../../../../TechTask/Content/StarterContent/Textures/T_Frame_N.uasset" 428
"../../../../TechTask/Content/StarterContent/Textures/T_Frame_M.uasset" 429
"../../../../TechTask/Content/StarterContent/Props/Materials/M_Frame.uasset" 430
"../../../../TechTask/Content/StarterContent/Props/SM_CornerFrame.uasset" 431
"../../../../TechTask/Content/StarterContent/Props/SM_Couch.uasset" 432
"../../../../TechTask/Content/StarterContent/Textures/T_Door_N.uasset" 433
"../../../../TechTask/Content/StarterContent/Textures/T_Door_M.uasset" 434
"../../../../TechTask/Content/StarterContent/Props/Materials/M_Door.uasset" 435
"../../../../TechTask/Content/StarterContent/Materials/M_Glass.uasset" 436
"../../../../TechTask/Content/StarterContent/Props/SM_Door.uasset" 437
"../../../../TechTask/Content/StarterContent/Props/SM_DoorFrame.uasset" 438
"../../../../TechTask/Content/StarterContent/Props/SM_GlassWindow.uasset" 439
"../../../../TechTask/Content/StarterContent/Props/Materials/M_MaterialSphere_Plain.uasset" 440
"../../../../TechTask/Content/StarterContent/Props/Materials/M_MaterialSphere.uasset" 441
"../../../../TechTask/Content/StarterContent/Props/SM_MatPreviewMesh_02.uasset" 442
"../../../../TechTask/Content/StarterContent/Props/SM_PillarFrame.uasset" 443
"../../../../TechTask/Content/StarterContent/Props/SM_PillarFrame300.uasset" 444
"../../../../TechTask/Content/StarterContent/Textures/T_RockMesh_N.uasset" 445
"../../../../TechTask/Content/StarterContent/Textures/T_RockMesh_M.uasset" 446
"../../../../TechTask/Content/StarterContent/Props/Materials/M_Rock.uasset" 447
"../../../../TechTask/Content/StarterContent/Props/SM_Rock.uasset" 448
"../../../../TechTask/Content/StarterContent/Textures/T_Shelf_N.uasset" 449
"../../../../TechTask/Content/StarterContent/Textures/T_Shelf_M.uasset" 450
"../../../../TechTask/Content/StarterContent/Props/Materials/M_Shelf.uasset" 451
"../../../../TechTask/Content/StarterContent/Props/SM_Shelf.uasset" 452
"../../../../TechTask/Content/StarterContent/Props/SM_Stairs.uasset" 453
"../../../../TechTask/Content/StarterContent/Textures/T_Statue_N.uasset" 454
"../../../../TechTask/Content/StarterContent/Textures/T_Statue_M.uasset" 455
"../../../../TechTask/Content/StarterContent/Props/Materials/M_StatueGlass.uasset" 456
"../../../../TechTask/Content/StarterContent/Props/Materials/M_Statue.uasset" 457
"../../../../TechTask/Content/StarterContent/Props/SM_Statue.uasset" 458
"../../../../TechTask/Content/StarterContent/Textures/T_TableRound_N.uasset" 459
"../../../../TechTask/Content/StarterContent/Textures/T_TableRound_M.uasset" 460
"../../../../TechTask/Content/StarterContent/Props/Materials/M_TableRound.uasset" 461
"../../../../TechTask/Content/StarterContent/Props/SM_TableRound.uasset" 462
"../../../../TechTask/Content/StarterContent/Props/SM_WindowFrame.uasset" 463
"../../../../TechTask/Content/StarterContent/Shapes/Shape_Cone.uasset" 464
"../../../../TechTask/Content/StarterContent/Shapes/Shape_Cube.uasset" 465
"../../../../TechTask/Content/StarterContent/Shapes/Shape_Cylinder.uasset" 466
"../../../../TechTask/Content/StarterContent/Shapes/Shape_NarrowCapsule.uasset" 467
"../../../../TechTask/Content/StarterContent/Shapes/Shape_Pipe.uasset" 468
"../../../../TechTask/Content/StarterContent/Shapes/Shape_Pipe_180.uasset" 469
"../../../../TechTask/Content/StarterContent/Shapes/Shape_Pipe_90.uasset" 470
"../../../../TechTask/Content/StarterContent/Shapes/Shape_Plane.uasset" 471
"../../../../TechTask/Content/StarterContent/Shapes/Shape_QuadPyramid.uasset" 472
"../../../../TechTask/Content/StarterContent/Shapes/Shape_Sphere.uasset" 473
"../../../../TechTask/Content/StarterContent/Shapes/Shape_Torus.uasset" 474
"../../../../TechTask/Content/StarterContent/Shapes/Shape_Trim.uasset" 475
"../../../../TechTask/Content/StarterContent/Shapes/Shape_Trim_90_In.uasset" 476
"../../../../TechTask/Content/StarterContent/Shapes/Shape_Trim_90_Out.uasset" 477
"../../../../TechTask/Content/StarterContent/Shapes/Shape_TriPyramid.uasset" 478
"../../../../TechTask/Content/StarterContent/Shapes/Shape_Tube.uasset" 479
"../../../../TechTask/Content/StarterContent/Shapes/Shape_Wedge_A.uasset" 480
"../../../../TechTask/Content/StarterContent/Shapes/Shape_Wedge_B.uasset" 481
"../../../../TechTask/Content/StarterContent/Shapes/Shape_WideCapsule.uasset" 482
"../../../../TechTask/Content/ThirdPerson/Meshes/RampMaterial.uasset" 483
"../../../../TechTask/Content/ThirdPerson/Meshes/Bump_StaticMesh.uasset" 484
"../../../../TechTask/Content/ThirdPerson/Meshes/LeftArm_StaticMesh.uasset" 485
"../../../../TechTask/Content/ThirdPerson/Meshes/Linear_Stair_StaticMesh.uasset" 486
"../../../../TechTask/Content/ThirdPerson/Meshes/Ramp_StaticMesh.uasset" 487
"../../../../TechTask/Content/ThirdPerson/Meshes/RightArm_StaticMesh.uasset" 488
"../../../../TechTask/Content/ThirdPersonBP/ThirdPersonOverview.uasset" 489
"../../../../TechTask/Content/Mannequin/Character/Mesh/SK_Mannequin_PhysicsAsset.uasset" 490
"../../../../TechTask/Content/Mannequin/Character/Mesh/SK_Mannequin.uasset" 491
"../../../../TechTask/Content/Mannequin/Animations/ThirdPersonWalk.uasset" 492
"../../../../TechTask/Content/Mannequin/Animations/ThirdPersonRun.uasset" 493
"../../../../TechTask/Content/Mannequin/Animations/ThirdPersonIdle.uasset" 494
"../../../../TechTask/Content/Mannequin/Animations/ThirdPerson_IdleRun_2D.uasset" 495
"../../../../TechTask/Content/Mannequin/Animations/ThirdPerson_Jump.uasset" 496
"../../../../TechTask/Content/Mannequin/Animations/ThirdPersonJump_Start.uasset" 497
"../../../../TechTask/Content/Mannequin/Animations/ThirdPersonJump_Loop.uasset" 498
"../../../Engine/Content/EditorBlueprintResources/StandardMacros.uasset" 499
"../../../../TechTask/Content/Mannequin/Animations/ThirdPerson_AnimBP.uasset" 500
"../../../../TechTask/Content/ThirdPersonBP/Blueprints/ThirdPersonCharacter.uasset" 501
"../../../../TechTask/Content/ThirdPersonBP/Blueprints/ThirdPersonGameMode.uasset" 502
"../../../Engine/Content/ArtTools/RenderToTexture/Meshes/S_1_Unit_Plane.uasset" 503
"../../../Engine/Content/BasicShapes/Cone.uasset" 504
"../../../Engine/Content/BasicShapes/Cube.uasset" 505
"../../../Engine/Content/BasicShapes/Plane.uasset" 506
"../../../Engine/Content/EditorLandscapeResources/DataLayer.uasset" 507
"../../../Engine/Content/EditorLandscapeResources/DefaultAlphaTexture.uasset" 508
"../../../Engine/Content/EditorMaterials/MAT_Groups_Toggle.uasset" 509
"../../../Engine/Content/EditorMaterials/MAT_Groups_Visibility.uasset" 510
"../../../Engine/Content/EditorMaterials/PreviewShadowIndicator.uasset" 511
"../../../Engine/Content/EditorMaterials/PreviewShadowIndicatorMaterial.uasset" 512
"../../../Engine/Content/EditorMaterials/MatineeGroups/MAT_ColorTrack.uasset" 513
"../../../Engine/Content/EditorMaterials/MatineeGroups/MAT_Groups_Anim.uasset" 514
"../../../Engine/Content/EditorMaterials/MatineeGroups/MAT_Groups_AudioMaster.uasset" 515
"../../../Engine/Content/EditorMaterials/MatineeGroups/MAT_Groups_Director.uasset" 516
"../../../Engine/Content/EditorMaterials/MatineeGroups/MAT_Groups_Event.uasset" 517
"../../../Engine/Content/EditorMaterials/MatineeGroups/MAT_Groups_Fade.uasset" 518
"../../../Engine/Content/EditorMaterials/MatineeGroups/MAT_Groups_Float.uasset" 519
"../../../Engine/Content/EditorMaterials/MatineeGroups/MAT_Groups_Move.uasset" 520
"../../../Engine/Content/EditorMaterials/MatineeGroups/MAT_Groups_Slomo.uasset" 521
"../../../Engine/Content/EditorMaterials/MatineeGroups/MAT_Groups_Sound.uasset" 522
"../../../Engine/Content/EditorMaterials/MatineeGroups/MAT_Groups_Vector.uasset" 523
"../../../Engine/Content/EditorMaterials/ParticleSystems/PSysThumbnail_NoImage.uasset" 524
"../../../Engine/Content/EditorMaterials/ParticleSystems/PSysThumbnail_OOD.uasset" 525
"../../../Engine/Content/EditorMaterials/Camera/CineMat.uasset" 526
"../../../Engine/Content/EditorMaterials/Camera/MI_CineMat_Rig.uasset" 527
"../../../Engine/Content/EditorMeshes/Camera/SM_CraneRig_Arm.uasset" 528
"../../../Engine/Content/EditorMeshes/Camera/SM_CraneRig_Base.uasset" 529
"../../../Engine/Content/EditorMeshes/Camera/SM_CraneRig_Body.uasset" 530
"../../../Engine/Content/EditorMeshes/Camera/SM_CraneRig_Mount.uasset" 531
"../../../Engine/Content/EditorMeshes/Camera/SM_RailRig_Mount.uasset" 532
"../../../Engine/Content/EditorMeshes/Camera/SM_RailRig_Track.uasset" 533
"../../../Engine/Content/EditorResources/BSPVertex.uasset" 534
"../../../Engine/Content/EditorResources/EmptyActor.uasset" 535
"../../../Engine/Content/EditorResources/S_Actor.uasset" 536
"../../../Engine/Content/EditorResources/S_Note.uasset" 537
"../../../Engine/Content/EditorResources/S_Solver.uasset" 538
"../../../Engine/Content/EditorResources/S_Terrain.uasset" 539
"../../../Engine/Content/EditorResources/S_Trigger.uasset" 540
"../../../Engine/Content/EditorResources/LightIcons/S_LightError.uasset" 541
"../../../Engine/Content/EditorResources/SequenceRecorder/Countdown.uasset" 542
"../../../Engine/Content/EditorResources/SequenceRecorder/RecordingIndicator.uasset" 543
"../../../Engine/Content/EngineDamageTypes/DmgTypeBP_Environmental.uasset" 544
"../../../Engine/Content/EngineDebugMaterials/DebugEditorMaterial.uasset" 545
"../../../Engine/Content/EngineDebugMaterials/DebugMeshMaterial.uasset" 546
"../../../Engine/Content/EngineDebugMaterials/M_SimpleUnlitTranslucent.uasset" 547
"../../../Engine/Content/EngineDebugMaterials/VolumeToRender.uasset" 548
"../../../Engine/Content/Functions/Engine_MaterialFunctions02/Utility/CameraDirectionVector.uasset" 549
"../../../Engine/Content/EngineDebugMaterials/M_VolumeRenderSphereTracePP.uasset" 550
"../../../Engine/Content/Functions/Engine_MaterialFunctions01/Shading/ConvertFromDiffSpec.uasset" 551
"../../../Engine/Content/EngineDebugMaterials/VertexColorMaterial.uasset" 552
"../../../Engine/Content/EngineDebugMaterials/WireframeMaterial.uasset" 553
"../../../Engine/Content/EngineFonts/Faces/RobotoRegular.uasset" 554
"../../../Engine/Content/EngineFonts/Faces/RobotoLight.uasset" 555
"../../../Engine/Content/EngineFonts/Faces/RobotoItalic.uasset" 556
"../../../Engine/Content/EngineFonts/Faces/RobotoBoldItalic.uasset" 557
"../../../Engine/Content/EngineFonts/Faces/RobotoBold.uasset" 558
"../../../Engine/Content/EngineFonts/Faces/DroidSansFallback.uasset" 559
"../../../Engine/Content/EngineFonts/Roboto.uasset" 560
"../../../Engine/Content/EngineMaterials/BaseFlattenNormalMap.uasset" 561
"../../../Engine/Content/EngineMaterials/BaseFlattenGrayscaleMap.uasset" 562
"../../../Engine/Content/EngineMaterials/BaseFlattenEmissiveMap.uasset" 563
"../../../Engine/Content/EngineMaterials/BaseFlattenDiffuseMap.uasset" 564
"../../../Engine/Content/EngineMaterials/BaseFlattenMaterial.uasset" 565
"../../../Engine/Content/EngineMaterials/BlueNoise.uasset" 566
"../../../Engine/Content/EngineMaterials/DefaultBloomKernel.uasset" 567
"../../../Engine/Content/EngineMaterials/DefaultBokeh.uasset" 568
"../../../Engine/Content/EngineMaterials/DefaultDiffuse.uasset" 569
"../../../Engine/Content/EngineMaterials/DefaultDeferredDecalMaterial.uasset" 570
"../../../Engine/Content/EngineMaterials/DefaultLightFunctionMaterial.uasset" 571
"../../../Engine/Content/EngineMaterials/DefaultPhysicalMaterial.uasset" 572
"../../../Engine/Content/Functions/Engine_MaterialFunctions02/Utility/BreakOutFloat2Components.uasset" 573
"../../../Engine/Content/EngineMaterials/DefaultPostProcessMaterial.uasset" 574
"../../../Engine/Content/EngineFonts/RobotoDistanceField.uasset" 575
"../../../Engine/Content/EngineMaterials/DefaultTextMaterialOpaque.uasset" 576
"../../../Engine/Content/EngineMaterials/DefaultWhiteGrid.uasset" 577
"../../../Engine/Content/EngineMaterials/DefaultWhiteGrid_Low.uasset" 578
"../../../Engine/Content/EngineMaterials/EmissiveMeshMaterial.uasset" 579
"../../../Engine/Content/EngineMaterials/GizmoMaterial.uasset" 580
"../../../Engine/Content/EngineMaterials/Good64x64TilingNoiseHighFreq.uasset" 581
"../../../Engine/Content/EngineMaterials/MiniFont.uasset" 582
"../../../Engine/Content/EngineMaterials/InvalidLightmapSettings.uasset" 583
"../../../Engine/Content/EngineMaterials/M_InvalidLightmapSettings.uasset" 584
"../../../Engine/Content/Functions/Engine_MaterialFunctions02/WorldPositionOffset/CameraOffset.uasset" 585
"../../../Engine/Content/EngineMaterials/PhAT_JointLimitMaterial.uasset" 586
"../../../Engine/Content/EngineMaterials/PreintegratedSkinBRDF.uasset" 587
"../../../Engine/Content/EngineMaterials/RemoveSurfaceMaterial.uasset" 588
"../../../Engine/Content/EngineMaterials/WeightMapPlaceholderTexture.uasset" 589
"../../../Engine/Content/EngineResources/WhiteSquareTexture.uasset" 590
"../../../Engine/Content/EngineMaterials/Widget3DPassThrough.uasset" 591
"../../../Engine/Content/EngineMaterials/Widget3DPassThrough_Masked.uasset" 592
"../../../Engine/Content/EngineMaterials/Widget3DPassThrough_Opaque.uasset" 593
"../../../Engine/Content/EngineMaterials/Widget3DPassThrough_Masked_OneSided.uasset" 594
"../../../Engine/Content/EngineMaterials/Widget3DPassThrough_Opaque_OneSided.uasset" 595
"../../../Engine/Content/EngineMaterials/Widget3DPassThrough_Translucent.uasset" 596
"../../../Engine/Content/EngineMaterials/Widget3DPassThrough_Translucent_OneSided.uasset" 597
"../../../Engine/Content/EngineMeshes/Cylinder.uasset" 598
"../../../Engine/Content/EngineMeshes/Sphere.uasset" 599
"../../../Engine/Content/EngineResources/Black.uasset" 600
"../../../Engine/Content/EngineResources/DefaultTextureCube.uasset" 601
"../../../Engine/Content/EngineResources/DefaultVolumeTexture2D.uasset" 602
"../../../Engine/Content/EngineResources/DefaultVolumeTexture.uasset" 603
"../../../Engine/Content/EngineResources/GradientTexture0.uasset" 604
"../../../Engine/Content/EngineSky/VolumetricClouds/T_NoiseShape64.uasset" 605
"../../../Engine/Content/EngineSky/VolumetricClouds/T_VolumeNoiseShape64.uasset" 606
"../../../Engine/Content/EngineSky/VolumetricClouds/T_NoiseErosion.uasset" 607
"../../../Engine/Content/EngineSky/VolumetricClouds/T_VolumeNoiseErosion32.uasset" 608
"../../../Engine/Content/EngineSky/VolumetricClouds/CloudWeatherTexture.uasset" 609
"../../../Engine/Content/EngineSky/VolumetricClouds/CloudGradientTexture.uasset" 610
"../../../Engine/Content/Functions/Engine_MaterialFunctions02/Utility/MakeFloat2.uasset" 611
"../../../Engine/Content/EngineSky/VolumetricClouds/m_SimpleVolumetricCloud.uasset" 612
"../../../Engine/Content/EngineSky/VolumetricClouds/m_SimpleVolumetricCloud_Inst.uasset" 613
"../../../Engine/Content/EngineSounds/Master.uasset" 614
"../../../Engine/Content/Functions/Engine_MaterialFunctions01/Shading/PowerToRoughness.uasset" 615
"../../../Engine/Content/Maps/Templates/Thumbnails/Default.uasset" 616
"../../../Engine/Content/Maps/Templates/Thumbnails/TimeOfDay.uasset" 617
"../../../Engine/Content/Maps/Templates/Thumbnails/VR-Basic.uasset" 618
"../../../Engine/Content/MobileResources/T_MobileControls_texture.uasset" 619
"../../../Engine/Content/MobileResources/T_MobileMenu2.uasset" 620
"../../../Engine/Content/MobileResources/HUD/AnalogHat.uasset" 621
"../../../Engine/Content/MobileResources/HUD/VirtualJoystick_Thumb.uasset" 622
"../../../Engine/Content/MobileResources/HUD/VirtualJoystick_Background.uasset" 623
"../../../Engine/Content/MobileResources/HUD/DefaultVirtualJoysticks.uasset" 624
"../../../Engine/Content/MobileResources/HUD/LeftVirtualJoystickOnly.uasset" 625
"../../../Engine/Content/MobileResources/HUD/MobileHUDButton1_off.uasset" 626
"../../../Engine/Content/MobileResources/HUD/MobileHUDButton1_on.uasset" 627
"../../../Engine/Content/MobileResources/HUD/MobileHUDButton2_off.uasset" 628
"../../../Engine/Content/MobileResources/HUD/MobileHUDButton2_on.uasset" 629
"../../../Engine/Content/MobileResources/HUD/MobileHUDButton3.uasset" 630
"../../../Engine/Content/MobileResources/HUD/MobileHUDButtonFire.uasset" 631
"../../../Engine/Content/MobileResources/HUD/MobileHUDDirectionPad.uasset" 632
"../../../Engine/Content/MobileResources/HUD/MobileHUDDirectionPad2.uasset" 633
"../../../Engine/Content/MobileResources/HUD/MobileHUDDirectionPad3.uasset" 634
"../../../Engine/Content/MobileResources/HUD/MobileHUDDirectionStick.uasset" 635
"../../../Engine/Content/MobileResources/HUD/T_Castle_ThumbstickInner.uasset" 636
"../../../Engine/Content/MobileResources/HUD/T_Castle_ThumbstickOutter.uasset" 637
"../../../Engine/Content/Tutorial/ContentIntroCurve.uasset" 638
"../../../Engine/Content/Tutorial/Basics/LevelEditorAttract.uasset" 639
"../../../Engine/Content/Tutorial/Installation/InstallingVisualStudioTutorial.uasset" 640
"../../../Engine/Content/VREditor/TransformGizmo/TranslucentTransformGizmoMaterial.uasset" 641
"../../../Engine/Content/VREditor/LaserPointer/VR_LaserPower_01.uasset" 642
"../../../Engine/Content/VREditor/TransformGizmo/TransformGizmoMaterial.uasset" 643
"../../../Engine/Content/VREditor/TransformGizmo/BoundingBoxCorner.uasset" 644
"../../../Engine/Content/VREditor/TransformGizmo/BoundingBoxEdge.uasset" 645
"../../../Engine/Content/VREditor/TransformGizmo/PlaneTranslationHandle.uasset" 646
"../../../Engine/Content/VREditor/TransformGizmo/Xray.uasset" 647
"../../../Engine/Content/VREditor/TransformGizmo/Main.uasset" 648
"../../../Engine/Content/VREditor/TransformGizmo/SM_Sequencer_Key.uasset" 649
"../../../Engine/Content/VREditor/TransformGizmo/SM_Sequencer_Node.uasset" 650
"../../Plugins/2D/Paper2D/Content/PlaceholderTextures/DummySpriteTexture.uasset" 651
"../../Plugins/2D/Paper2D/Content/DummySprite.uasset" 652
"../../Plugins/2D/Paper2D/Content/DefaultPaperTerrainMaterial.uasset" 653
"../../Plugins/2D/Paper2D/Content/DefaultSpriteMaterial.uasset" 654
"../../Plugins/2D/Paper2D/Content/MaskedUnlitSpriteMaterial.uasset" 655
"../../Plugins/2D/Paper2D/Content/OpaqueUnlitSpriteMaterial.uasset" 656
"../../../Engine/Content/Functions/Engine_MaterialFunctions02/Utility/BreakOutFloat3Components.uasset" 657
"../../../Engine/Content/Functions/Engine_MaterialFunctions02/ObjectLocalBounds.uasset" 658
"../../Plugins/Editor/SpeedTreeImporter/Content/SpeedTree9/UnpackInteger3.uasset" 659
"../../Plugins/Editor/SpeedTreeImporter/Content/SpeedTree9/UnpackDirection.uasset" 660
"../../Plugins/Editor/SpeedTreeImporter/Content/SpeedTree9/game_wind_noise.uasset" 661
"../../../Engine/Content/Functions/Engine_MaterialFunctions02/SafeNormalize.uasset" 662
"../../Plugins/Editor/SpeedTreeImporter/Content/SpeedTree9/SpeedTreeWindMotion.uasset" 663
"../../Plugins/Editor/SpeedTreeImporter/Content/SpeedTree9/SpeedTreeBranchMotion.uasset" 664
"../../../Engine/Content/Functions/Engine_MaterialFunctions02/UVs/BoundingBoxBased_0-1_UVW.uasset" 665
"../../Plugins/Editor/SpeedTreeImporter/Content/SpeedTree9/SpeedTreeWind.uasset" 666
"../../Plugins/Editor/SpeedTreeImporter/Content/SpeedTree9/SpeedTreeBillboard.uasset" 667
"../../../Engine/Content/EngineResources/DefaultTexture.uasset" 668
"../../Plugins/Editor/SpeedTreeImporter/Content/SpeedTree9/SpeedTreeBillboardMaster.uasset" 669
"../../Plugins/Editor/SpeedTreeImporter/Content/SpeedTree9/SpeedTreeCameraFacing.uasset" 670
"../../Plugins/Editor/SpeedTreeImporter/Content/SpeedTree9/SpeedTreeMaster.uasset" 671
"../../../Engine/Content/ArtTools/RenderToTexture/Materials/Debug/M_Emissive_Color.uasset" 672
"../../../Engine/Content/BasicShapes/Cylinder.uasset" 673
"../../Plugins/Lumin/MagicLeapPassableWorld/Content/MagicLeapARPinInfoActor.uasset" 674
"../../../Engine/Content/Functions/Engine_MaterialFunctions02/Utility/BreakOutFloat4Components.uasset" 675
"../../../Engine/Content/Functions/Engine_MaterialFunctions02/Utility/MakeFloat3.uasset" 676
"../../Plugins/Runtime/Oculus/OculusVR/Content/Materials/OculusMR_ChromaKey.uasset" 677
"../../Plugins/Runtime/Oculus/OculusVR/Content/Materials/OculusMR_OpaqueColoredMaterial.uasset" 678
"../../Plugins/Runtime/Oculus/OculusVR/Content/Materials/PokeAHoleMaterial.uasset" 679
"../../../Engine/Content/EngineSky/T_Sky_Stars.uasset" 680
"../../../Engine/Content/EngineSky/T_Sky_Clouds_M.uasset" 681
"../../../Engine/Content/EngineSky/T_Sky_Blue.uasset" 682
"../../../Engine/Content/EngineSky/M_Sky_Panning_Clouds2.uasset" 683
"../../../../TechTask/Content/ThirdPersonBP/Maps/ThirdPersonExampleMap_BuiltData.uasset" 684
"../../../Engine/Content/EngineSky/SM_SkySphere.uasset" 685
"../../../Engine/Content/EngineSky/C_Sky_Zenith_Color.uasset" 686
"../../../Engine/Content/EngineSky/C_Sky_Horizon_Color.uasset" 687
"../../../Engine/Content/EngineSky/C_Sky_Cloud_Color.uasset" 688
"../../../Engine/Content/EngineSky/BP_Sky_Sphere.uasset" 689
"../../../../TechTask/Content/SpiderMinion/Materials/Egg/MI_EmptySpiderEgg_1.uasset" 690
"../../../../TechTask/Content/SpiderMinion/Mesh/SM_SpiderEmptyEgg.uasset" 691
"../../../../TechTask/Content/Geometry/Meshes/TemplateFloor.uasset" 692
"../../../../TechTask/Content/Geometry/Meshes/1M_Cube.uasset" 693
"../../../../TechTask/Content/sA_PickupSet/Fx/NiagaraSystems/NS_Pickup_1.uasset" 694
"../../../../TechTask/Content/sA_PickupSet/Fx/NiagaraSystems/NS_CoinBurst.uasset" 695
"../../../../TechTask/Content/Finish/Finish_sound.uasset" 696
"../../../../TechTask/Content/AI_Spider/Spider_BB.uasset" 697
"../../../../TechTask/Content/AI_Spider/BTS_SetMoveSpeed.uasset" 698
"../../../../TechTask/Content/AI_Spider/BTT_GetTargetPointLoc.uasset" 699
"../../../../TechTask/Content/AI_Spider/BTT_GoToTargetPoint_1.uasset" 700
"../../../../TechTask/Content/AI_Spider/BTT_GoToTargetPoint_2.uasset" 701
"../../../../TechTask/Content/AI_Spider/BTT_GoToTargetPoint_3.uasset" 702
"../../../../TechTask/Content/SpiderMinion/Animations/Anim_Sleeping.uasset" 703
"../../../../TechTask/Content/SpiderMinion/Animations/Anim_SleepingToFall.uasset" 704
"../../../../TechTask/Content/AI_Spider/Sounds/Spawn.uasset" 705
"../../../../TechTask/Content/AI_Spider/BTT_Spawn.uasset" 706
"../../../../TechTask/Content/AI_Spider/BTT_StopMovement.uasset" 707
"../../../../TechTask/Content/AI_Spider/Spider_BT.uasset" 708
"../../../../TechTask/Content/AI_Spider/Ai_Controller.uasset" 709
"../../../../TechTask/Content/AI_Spider/Sounds/Step3.uasset" 710
"../../../../TechTask/Content/AI_Spider/Sounds/Step4.uasset" 711
"../../../../TechTask/Content/AI_Spider/Sounds/Step2.uasset" 712
"../../../../TechTask/Content/SpiderMinion/Animations/Anim_Idle.uasset" 713
"../../../../TechTask/Content/SpiderMinion/Animations/Anim_Walk.uasset" 714
"../../../../TechTask/Content/AI_Spider/Spider_BS.uasset" 715
"../../../../TechTask/Content/AI_Spider/Sounds/Step1.uasset" 716
"../../../../TechTask/Content/AI_Spider/Spider_AnimBP.uasset" 717
"../../../../TechTask/Content/SpiderMinion/Mesh/SK_Spider_minion_Physics.uasset" 718
"../../../../TechTask/Content/SpiderMinion/Textures/T_Spider_N.uasset" 719
"../../../../TechTask/Content/SpiderMinion/Textures/T_Spider_AORM.uasset" 720
"../../../../TechTask/Content/SpiderMinion/Textures/T_Spider_1_E.uasset" 721
"../../../../TechTask/Content/SpiderMinion/Textures/T_Spider_1_D.uasset" 722
"../../../../TechTask/Content/SpiderMinion/Materials/M_SpiderMinion.uasset" 723
"../../../../TechTask/Content/SpiderMinion/Materials/MI_SpiderMinion_1.uasset" 724
"../../../../TechTask/Content/SpiderMinion/Mesh/SK_Spider_minion.uasset" 725
"../../../../TechTask/Content/AI_Spider/Master_AI.uasset" 726
"../../../../TechTask/Content/Finish/Master_Finish.uasset" 727
"../../../../TechTask/Content/Button/Button_materials/Base/M_DemoWall.uasset" 728
"../../../../TechTask/Content/Button/Button_materials/Base/Rubber.uasset" 729
"../../../../TechTask/Content/Button/Button_materials/Base/M_DemoWall_Inst.uasset" 730
"../../../../TechTask/Content/Button/Button_materials/Base/Metal.uasset" 731
"../../../../TechTask/Content/Button/Button_materials/Base/M_DemoWall_Inst_3.uasset" 732
"../../../../TechTask/Content/Button/Button_materials/Base/M_DemoWall_Inst_NamePlate.uasset" 733
"../../../../TechTask/Content/Button/Button_materials/SM_Button_Base.uasset" 734
"../../../../TechTask/Content/sA_PickupSet/Fx/NiagaraSystems/NS_Healing_2.uasset" 735
"../../../../TechTask/Content/sA_PickupSet/Materials/MI_Fresnel_2.uasset" 736
"../../../../TechTask/Content/sA_PickupSet/Fx/NiagaraSystems/NS_Healing_5.uasset" 737
"../../../../TechTask/Content/sA_PickupSet/Materials/MI_Fresnel_3.uasset" 738
"../../../../TechTask/Content/sA_PickupSet/Fx/NiagaraSystems/NS_Healing_6.uasset" 739
"../../../../TechTask/Content/Button/Button_materials/M_Orange_Shiny.uasset" 740
"../../../../TechTask/Content/Button/Button_materials/SM_Button.uasset" 741
"../../../../TechTask/Content/Button/Click_02.uasset" 742
"../../../../TechTask/Content/AI_Spider/Master_AI_Child1.uasset" 743
"../../../../TechTask/Content/SpiderMinion/Textures/T_Spider_2_E.uasset" 744
"../../../../TechTask/Content/SpiderMinion/Textures/T_Spider_2_D.uasset" 745
"../../../../TechTask/Content/SpiderMinion/Materials/MI_SpiderMinion_2.uasset" 746
"../../../../TechTask/Content/AI_Spider/Master_AI_Child2.uasset" 747
"../../../../TechTask/Content/SpiderMinion/Textures/T_Spider_3_E.uasset" 748
"../../../../TechTask/Content/SpiderMinion/Textures/T_Spider_3_D.uasset" 749
"../../../../TechTask/Content/SpiderMinion/Materials/MI_SpiderMinion_3.uasset" 750
"../../../../TechTask/Content/AI_Spider/Master_AI_Child3.uasset" 751
"../../../../TechTask/Content/Button/Master_Button.uasset" 752
"../../../../TechTask/Content/ThirdPersonBP/Maps/ThirdPersonExampleMap.umap" 753
"../../../Engine/Content/Maps/Entry_BuiltData.uasset" 754
"../../../Engine/Content/Maps/Entry.umap" 755
